#
# A fatal error has been detected by the Java Runtime Environment:
#
#  EXCEPTION_ACCESS_VIOLATION (0xc0000005) at pc=0x00007ffb70483bbb, pid=78940, tid=75876
#
# JRE version: OpenJDK Runtime Environment AdoptOpenJDK (11.0.10+9) (build 11.0.10+9)
# Java VM: OpenJDK 64-Bit Server VM AdoptOpenJDK (11.0.10+9, mixed mode, tiered, compressed oops, g1 gc, windows-amd64)
# Problematic frame:
# V  [jvm.dll+0x6c3bbb]
#
# No core dump will be written. Minidumps are not enabled by default on client versions of Windows
#
# If you would like to submit a bug report, please visit:
#   https://github.com/AdoptOpenJDK/openjdk-support/issues
#

---------------  S U M M A R Y ------------

Command Line: -agentlib:jdwp=transport=dt_socket,address=127.0.0.1:54331,suspend=y,server=n -ea -Didea.test.cyclic.buffer.size=1048576 -javaagent:C:\Users\mrmal\AppData\Local\JetBrains\IntelliJIdea2020.3\captureAgent\debugger-agent.jar -Dfile.encoding=UTF-8 com.intellij.rt.junit.JUnitStarter -ideVersion5 -junit5 TESTCLASS,test6

Host: Intel(R) Core(TM) i7-8565U CPU @ 1.80GHz, 8 cores, 15G,  Windows 10 , 64 bit Build 18362 (10.0.18362.1350)
Time: Thu Apr  1 21:00:28 2021 Eastern Daylight Time elapsed time: 168.060525 seconds (0d 0h 2m 48s)

---------------  T H R E A D  ---------------

Current thread (0x0000027aecc26800):  VMThread "VM Thread" [stack: 0x000000d8ea600000,0x000000d8ea700000] [id=75876]

Stack: [0x000000d8ea600000,0x000000d8ea700000],  sp=0x000000d8ea6fe7d0,  free space=1017k
Native frames: (J=compiled Java code, j=interpreted, Vv=VM code, C=native code)
V  [jvm.dll+0x6c3bbb]
V  [jvm.dll+0x321c93]
V  [jvm.dll+0x3239ed]
V  [jvm.dll+0x32427e]
V  [jvm.dll+0x321aec]
V  [jvm.dll+0x320d22]
V  [jvm.dll+0x5e27c5]
V  [jvm.dll+0x5e254d]
V  [jvm.dll+0x5a81b3]
V  [jvm.dll+0x4b9b51]
V  [jvm.dll+0x77fa7c]
V  [jvm.dll+0x783a77]
V  [jvm.dll+0x7842d9]
V  [jvm.dll+0x784667]
V  [jvm.dll+0x739ba4]
V  [jvm.dll+0x5f2466]
C  [ucrtbase.dll+0x210b2]
C  [KERNEL32.DLL+0x17c24]
C  [ntdll.dll+0x6d721]


siginfo: EXCEPTION_ACCESS_VIOLATION (0xc0000005), reading address 0x0000000000000006


Register to memory mapping:

RIP=0x00007ffb70483bbb jvm.dll
RAX=0x000000d8ea6fe860 points into unknown readable memory: 0x00000000460000d4 | d4 00 00 46 00 00 00 00
RBX=0x000000d8ea6fe830 points into unknown readable memory: 0x00007ffb70646f38 | 38 6f 64 70 fb 7f 00 00
RCX=0x0 is NULL
RDX=0x0 is NULL
RSP=0x000000d8ea6fe7d0 points into unknown readable memory: 0x000000d8ea6fe830 | 30 e8 6f ea d8 00 00 00
RBP=0x000000d8ea6fed80 points into unknown readable memory: 0x0000027aecbe3a28 | 28 3a be ec 7a 02 00 00
RSI=0x0 is NULL
RDI=0x0 is NULL
R8 =0x0 is NULL
R9 =0x0000027aed3dbb50 is pointing into metadata
R10=0x00007ffb6fdc0000 jvm.dll
R11=0x000000d8ea6fec90 points into unknown readable memory: 0x000000d8ea6fed50 | 50 ed 6f ea d8 00 00 00
R12=0x0000027aecbe3710 points into unknown readable memory: 0x0000000070682e00 | 00 2e 68 70 00 00 00 00
R13=0x0 is NULL
R14=0x0000027aed3dccea is pointing into metadata
R15=0x00000000000000e8 is an unknown value


Registers:
RAX=0x000000d8ea6fe860, RBX=0x000000d8ea6fe830, RCX=0x0000000000000000, RDX=0x0000000000000000
RSP=0x000000d8ea6fe7d0, RBP=0x000000d8ea6fed80, RSI=0x0000000000000000, RDI=0x0000000000000000
R8 =0x0000000000000000, R9 =0x0000027aed3dbb50, R10=0x00007ffb6fdc0000, R11=0x000000d8ea6fec90
R12=0x0000027aecbe3710, R13=0x0000000000000000, R14=0x0000027aed3dccea, R15=0x00000000000000e8
RIP=0x00007ffb70483bbb, EFLAGS=0x0000000000010246

Top of Stack: (sp=0x000000d8ea6fe7d0)
0x000000d8ea6fe7d0:   000000d8ea6fe830 00007ffbc654735d
0x000000d8ea6fe7e0:   0000027aed62c4d0 00007ffb704840ca
0x000000d8ea6fe7f0:   0000000000000000 00007ffb700e1c93
0x000000d8ea6fe800:   0000000000000000 000000d8ea6feef0
0x000000d8ea6fe810:   000000d8ea6fee20 00007ffb704838fa
0x000000d8ea6fe820:   000000d8ea6fe880 0000000000000000
0x000000d8ea6fe830:   00007ffb70646f38 0000000000000000
0x000000d8ea6fe840:   0000000000000000 00007ffb0000000c
0x000000d8ea6fe850:   000000d8ea6fe860 000000d800000000
0x000000d8ea6fe860:   00000000460000d4 0000027aecbe3748
0x000000d8ea6fe870:   2fffffff4fffffff 0000027a4fffffff
0x000000d8ea6fe880:   00007ffb70646f38 0000027aecb8ccc8
0x000000d8ea6fe890:   0000000000000003 00007ffbc36d647b
0x000000d8ea6fe8a0:   000000d8ea6fe8c0 0000027a00000001
0x000000d8ea6fe8b0:   0000000000000000 00007ffb704840ca
0x000000d8ea6fe8c0:   000000d8ea6fee88 00007ffbc36d4671 

Instructions: (pc=0x00007ffb70483bbb)
0x00007ffb70483abb:   48 8b cb ff 50 30 ff 43 14 48 c1 ef 04 eb 86 48
0x00007ffb70483acb:   8b 03 45 33 c0 33 d2 48 8b cb ff 50 48 ff 43 14
0x00007ffb70483adb:   48 c1 ef 04 e9 6c ff ff ff 48 8b 03 48 8b cb ff
0x00007ffb70483aeb:   50 38 83 43 14 02 48 c1 ef 04 e9 56 ff ff ff 48
0x00007ffb70483afb:   8b 03 48 8b cb ff 50 10 ff 43 14 48 c1 ef 04 e9
0x00007ffb70483b0b:   41 ff ff ff 48 8b 03 48 8b cb ff 50 18 83 43 14
0x00007ffb70483b1b:   02 48 c1 ef 04 e9 2b ff ff ff 48 8b 0d a4 1c 3c
0x00007ffb70483b2b:   00 48 8d 15 7d bb 21 00 e8 b8 1b f3 ff 48 8b 0d
0x00007ffb70483b3b:   91 1c 3c 00 48 8d 15 82 bb 21 00 4c 8b c6 e8 a2
0x00007ffb70483b4b:   1b f3 ff ba cb 00 00 00 48 8d 0d 06 bb 21 00 e8
0x00007ffb70483b5b:   71 2f b8 ff e8 4c 7e f2 ff 48 c1 ef 04 e9 e3 fe
0x00007ffb70483b6b:   ff ff 0f 1f 00 71 3a 6c 00 82 3a 6c 00 94 3a 6c
0x00007ffb70483b7b:   00 a6 3a 6c 00 b8 3a 6c 00 e4 3a 6c 00 fa 3a 6c
0x00007ffb70483b8b:   00 0f 3b 6c 00 ca 3a 6c 00 28 3a 6c 00 cc cc cc
0x00007ffb70483b9b:   cc cc cc cc cc 40 53 48 83 ec 20 c7 41 10 00 00
0x00007ffb70483bab:   00 00 48 8b d9 48 89 7c 24 38 48 8b 79 08 33 c9
0x00007ffb70483bbb:   80 7f 06 28 74 26 44 8d 49 28 8d 51 35 48 8d 0d
0x00007ffb70483bcb:   91 ba 21 00 4c 8d 05 7a ba 21 00 e8 75 2d b8 ff
0x00007ffb70483bdb:   e8 d0 7d f2 ff 8b 4b 10 48 8b 7b 08 8d 41 01 48
0x00007ffb70483beb:   63 c9 89 43 10 80 7c 39 07 29 0f 84 f3 00 00 00
0x00007ffb70483bfb:   48 89 74 24 30 44 8b c0 48 8d 35 f6 c3 93 ff 66
0x00007ffb70483c0b:   0f 1f 44 00 00 4d 63 c8 41 0f be 4c 39 06 83 c1
0x00007ffb70483c1b:   be 83 f9 19 0f 87 96 00 00 00 48 63 c9 0f b6 8c
0x00007ffb70483c2b:   0e 9c 3d 6c 00 8b 94 8e 8c 3d 6c 00 48 03 d6 ff
0x00007ffb70483c3b:   e2 41 8d 40 01 89 43 10 e9 8c 00 00 00 0f 1f 84
0x00007ffb70483c4b:   00 00 00 00 00 48 63 c8 ff c0 89 43 10 44 8b c0
0x00007ffb70483c5b:   80 7c 39 06 3b 75 ee eb 73 41 8d 40 01 89 43 10
0x00007ffb70483c6b:   41 80 7c 39 07 5b 75 1c 0f 1f 40 00 66 0f 1f 84
0x00007ffb70483c7b:   00 00 00 00 00 48 63 c8 ff c0 89 43 10 80 7c 39
0x00007ffb70483c8b:   07 5b 74 f1 48 63 c8 80 7c 39 06 4c 75 1b 0f 1f
0x00007ffb70483c9b:   80 00 00 00 00 48 63 c8 ff c0 89 43 10 44 8b c0
0x00007ffb70483cab:   80 7c 39 06 3b 75 ee eb 23 ff c0 89 43 10 eb 19 


Stack slot to memory mapping:
stack at sp + 0 slots: 0x000000d8ea6fe830 points into unknown readable memory: 0x00007ffb70646f38 | 38 6f 64 70 fb 7f 00 00
stack at sp + 1 slots: 0x00007ffbc654735d ntdll.dll
stack at sp + 2 slots: 0x0000027aed62c4d0 points into unknown readable memory: 0x0000000000000000 | 00 00 00 00 00 00 00 00
stack at sp + 3 slots: 0x00007ffb704840ca jvm.dll
stack at sp + 4 slots: 0x0 is NULL
stack at sp + 5 slots: 0x00007ffb700e1c93 jvm.dll
stack at sp + 6 slots: 0x0 is NULL
stack at sp + 7 slots: 0x000000d8ea6feef0 points into unknown readable memory: 0x00007ffb70685528 | 28 55 68 70 fb 7f 00 00

VM_Operation (0x000000d8eb1ff700): GetOrSetLocal, mode: safepoint, requested by thread 0x0000027aed82a000


---------------  P R O C E S S  ---------------

Threads class SMR info:
_java_thread_list=0x0000027aecbe4a60, length=13, elements={
0x0000027ac8f81800, 0x0000027aecc3c000, 0x0000027aecc3d800, 0x0000027aed52e000,
0x0000027aed530000, 0x0000027aed534800, 0x0000027aed53e800, 0x0000027aed548000,
0x0000027aed580800, 0x0000027aed6df000, 0x0000027aed82a000, 0x0000027aed7ac000,
0x0000027aed7ac800
}

Java Threads: ( => current thread )
  0x0000027ac8f81800 JavaThread "main" [_thread_blocked, id=78952, stack(0x000000d8ea000000,0x000000d8ea100000)]
  0x0000027aecc3c000 JavaThread "Reference Handler" daemon [_thread_blocked, id=78840, stack(0x000000d8ea700000,0x000000d8ea800000)]
  0x0000027aecc3d800 JavaThread "Finalizer" daemon [_thread_blocked, id=79096, stack(0x000000d8ea800000,0x000000d8ea900000)]
  0x0000027aed52e000 JavaThread "Signal Dispatcher" daemon [_thread_blocked, id=76616, stack(0x000000d8ea900000,0x000000d8eaa00000)]
  0x0000027aed530000 JavaThread "Attach Listener" daemon [_thread_blocked, id=77884, stack(0x000000d8eaa00000,0x000000d8eab00000)]
  0x0000027aed534800 JavaThread "Service Thread" daemon [_thread_blocked, id=78732, stack(0x000000d8eab00000,0x000000d8eac00000)]
  0x0000027aed53e800 JavaThread "C2 CompilerThread0" daemon [_thread_blocked, id=78536, stack(0x000000d8eac00000,0x000000d8ead00000)]
  0x0000027aed548000 JavaThread "C1 CompilerThread0" daemon [_thread_blocked, id=79744, stack(0x000000d8ead00000,0x000000d8eae00000)]
  0x0000027aed580800 JavaThread "Sweeper thread" daemon [_thread_blocked, id=79472, stack(0x000000d8eae00000,0x000000d8eaf00000)]
  0x0000027aed6df000 JavaThread "Common-Cleaner" daemon [_thread_blocked, id=79508, stack(0x000000d8eaf00000,0x000000d8eb000000)]
  0x0000027aed82a000 JavaThread "JDWP Transport Listener: dt_socket" daemon [_thread_blocked, id=76372, stack(0x000000d8eb100000,0x000000d8eb200000)] _threads_hazard_ptr=0x0000027aecbe4a60
  0x0000027aed7ac000 JavaThread "JDWP Event Helper Thread" daemon [_thread_blocked, id=71840, stack(0x000000d8eb200000,0x000000d8eb300000)]
  0x0000027aed7ac800 JavaThread "JDWP Command Reader" daemon [_thread_in_native, id=2936, stack(0x000000d8eb300000,0x000000d8eb400000)]

Other Threads:
=>0x0000027aecc26800 VMThread "VM Thread" [stack: 0x000000d8ea600000,0x000000d8ea700000] [id=75876]
  0x0000027aed7ab000 WatcherThread [stack: 0x000000d8eb400000,0x000000d8eb500000] [id=77388]
  0x0000027ac8f99000 GCTaskThread "GC Thread#0" [stack: 0x000000d8ea100000,0x000000d8ea200000] [id=79380]
  0x0000027ac8ff8800 ConcurrentGCThread "G1 Main Marker" [stack: 0x000000d8ea200000,0x000000d8ea300000] [id=78756]
  0x0000027ac8ffc000 ConcurrentGCThread "G1 Conc#0" [stack: 0x000000d8ea300000,0x000000d8ea400000] [id=76776]
  0x0000027aecb15000 ConcurrentGCThread "G1 Refine#0" [stack: 0x000000d8ea400000,0x000000d8ea500000] [id=74020]
  0x0000027aecb16000 ConcurrentGCThread "G1 Young RemSet Sampling" [stack: 0x000000d8ea500000,0x000000d8ea600000] [id=69116]

Threads with active compile tasks:

VM state:at safepoint (normal execution)

VM Mutex/Monitor currently owned by a thread:  ([mutex/lock_event])
[0x0000027ac8f7e070] Threads_lock - owner thread: 0x0000027aecc26800

Heap address: 0x0000000701e00000, size: 4066 MB, Compressed Oops mode: Zero based, Oop shift amount: 3
Narrow klass base: 0x0000000800000000, Narrow klass shift: 0
Compressed class space size: 1073741824 Address: 0x0000000800000000

Heap:
 garbage-first heap   total 262144K, used 16384K [0x0000000701e00000, 0x0000000800000000)
  region size 1024K, 17 young (17408K), 0 survivors (0K)
 Metaspace       used 11590K, capacity 12087K, committed 12288K, reserved 1060864K
  class space    used 1214K, capacity 1435K, committed 1536K, reserved 1048576K
Heap Regions: E=young(eden), S=young(survivor), O=old, HS=humongous(starts), HC=humongous(continues), CS=collection set, F=free, A=archive, TAMS=top-at-mark-start (previous, next)
|   0|0x0000000701e00000, 0x0000000701e00000, 0x0000000701f00000|  0%| F|  |TAMS 0x0000000701e00000, 0x0000000701e00000| Untracked 
|   1|0x0000000701f00000, 0x0000000701f00000, 0x0000000702000000|  0%| F|  |TAMS 0x0000000701f00000, 0x0000000701f00000| Untracked 
|   2|0x0000000702000000, 0x0000000702000000, 0x0000000702100000|  0%| F|  |TAMS 0x0000000702000000, 0x0000000702000000| Untracked 
|   3|0x0000000702100000, 0x0000000702100000, 0x0000000702200000|  0%| F|  |TAMS 0x0000000702100000, 0x0000000702100000| Untracked 
|   4|0x0000000702200000, 0x0000000702200000, 0x0000000702300000|  0%| F|  |TAMS 0x0000000702200000, 0x0000000702200000| Untracked 
|   5|0x0000000702300000, 0x0000000702300000, 0x0000000702400000|  0%| F|  |TAMS 0x0000000702300000, 0x0000000702300000| Untracked 
|   6|0x0000000702400000, 0x0000000702400000, 0x0000000702500000|  0%| F|  |TAMS 0x0000000702400000, 0x0000000702400000| Untracked 
|   7|0x0000000702500000, 0x0000000702500000, 0x0000000702600000|  0%| F|  |TAMS 0x0000000702500000, 0x0000000702500000| Untracked 
|   8|0x0000000702600000, 0x0000000702600000, 0x0000000702700000|  0%| F|  |TAMS 0x0000000702600000, 0x0000000702600000| Untracked 
|   9|0x0000000702700000, 0x0000000702700000, 0x0000000702800000|  0%| F|  |TAMS 0x0000000702700000, 0x0000000702700000| Untracked 
|  10|0x0000000702800000, 0x0000000702800000, 0x0000000702900000|  0%| F|  |TAMS 0x0000000702800000, 0x0000000702800000| Untracked 
|  11|0x0000000702900000, 0x0000000702900000, 0x0000000702a00000|  0%| F|  |TAMS 0x0000000702900000, 0x0000000702900000| Untracked 
|  12|0x0000000702a00000, 0x0000000702a00000, 0x0000000702b00000|  0%| F|  |TAMS 0x0000000702a00000, 0x0000000702a00000| Untracked 
|  13|0x0000000702b00000, 0x0000000702b00000, 0x0000000702c00000|  0%| F|  |TAMS 0x0000000702b00000, 0x0000000702b00000| Untracked 
|  14|0x0000000702c00000, 0x0000000702c00000, 0x0000000702d00000|  0%| F|  |TAMS 0x0000000702c00000, 0x0000000702c00000| Untracked 
|  15|0x0000000702d00000, 0x0000000702d00000, 0x0000000702e00000|  0%| F|  |TAMS 0x0000000702d00000, 0x0000000702d00000| Untracked 
|  16|0x0000000702e00000, 0x0000000702e00000, 0x0000000702f00000|  0%| F|  |TAMS 0x0000000702e00000, 0x0000000702e00000| Untracked 
|  17|0x0000000702f00000, 0x0000000702f00000, 0x0000000703000000|  0%| F|  |TAMS 0x0000000702f00000, 0x0000000702f00000| Untracked 
|  18|0x0000000703000000, 0x0000000703000000, 0x0000000703100000|  0%| F|  |TAMS 0x0000000703000000, 0x0000000703000000| Untracked 
|  19|0x0000000703100000, 0x0000000703100000, 0x0000000703200000|  0%| F|  |TAMS 0x0000000703100000, 0x0000000703100000| Untracked 
|  20|0x0000000703200000, 0x0000000703200000, 0x0000000703300000|  0%| F|  |TAMS 0x0000000703200000, 0x0000000703200000| Untracked 
|  21|0x0000000703300000, 0x0000000703300000, 0x0000000703400000|  0%| F|  |TAMS 0x0000000703300000, 0x0000000703300000| Untracked 
|  22|0x0000000703400000, 0x0000000703400000, 0x0000000703500000|  0%| F|  |TAMS 0x0000000703400000, 0x0000000703400000| Untracked 
|  23|0x0000000703500000, 0x0000000703500000, 0x0000000703600000|  0%| F|  |TAMS 0x0000000703500000, 0x0000000703500000| Untracked 
|  24|0x0000000703600000, 0x0000000703600000, 0x0000000703700000|  0%| F|  |TAMS 0x0000000703600000, 0x0000000703600000| Untracked 
|  25|0x0000000703700000, 0x0000000703700000, 0x0000000703800000|  0%| F|  |TAMS 0x0000000703700000, 0x0000000703700000| Untracked 
|  26|0x0000000703800000, 0x0000000703800000, 0x0000000703900000|  0%| F|  |TAMS 0x0000000703800000, 0x0000000703800000| Untracked 
|  27|0x0000000703900000, 0x0000000703900000, 0x0000000703a00000|  0%| F|  |TAMS 0x0000000703900000, 0x0000000703900000| Untracked 
|  28|0x0000000703a00000, 0x0000000703a00000, 0x0000000703b00000|  0%| F|  |TAMS 0x0000000703a00000, 0x0000000703a00000| Untracked 
|  29|0x0000000703b00000, 0x0000000703b00000, 0x0000000703c00000|  0%| F|  |TAMS 0x0000000703b00000, 0x0000000703b00000| Untracked 
|  30|0x0000000703c00000, 0x0000000703c00000, 0x0000000703d00000|  0%| F|  |TAMS 0x0000000703c00000, 0x0000000703c00000| Untracked 
|  31|0x0000000703d00000, 0x0000000703d00000, 0x0000000703e00000|  0%| F|  |TAMS 0x0000000703d00000, 0x0000000703d00000| Untracked 
|  32|0x0000000703e00000, 0x0000000703e00000, 0x0000000703f00000|  0%| F|  |TAMS 0x0000000703e00000, 0x0000000703e00000| Untracked 
|  33|0x0000000703f00000, 0x0000000703f00000, 0x0000000704000000|  0%| F|  |TAMS 0x0000000703f00000, 0x0000000703f00000| Untracked 
|  34|0x0000000704000000, 0x0000000704000000, 0x0000000704100000|  0%| F|  |TAMS 0x0000000704000000, 0x0000000704000000| Untracked 
|  35|0x0000000704100000, 0x0000000704100000, 0x0000000704200000|  0%| F|  |TAMS 0x0000000704100000, 0x0000000704100000| Untracked 
|  36|0x0000000704200000, 0x0000000704200000, 0x0000000704300000|  0%| F|  |TAMS 0x0000000704200000, 0x0000000704200000| Untracked 
|  37|0x0000000704300000, 0x0000000704300000, 0x0000000704400000|  0%| F|  |TAMS 0x0000000704300000, 0x0000000704300000| Untracked 
|  38|0x0000000704400000, 0x0000000704400000, 0x0000000704500000|  0%| F|  |TAMS 0x0000000704400000, 0x0000000704400000| Untracked 
|  39|0x0000000704500000, 0x0000000704500000, 0x0000000704600000|  0%| F|  |TAMS 0x0000000704500000, 0x0000000704500000| Untracked 
|  40|0x0000000704600000, 0x0000000704600000, 0x0000000704700000|  0%| F|  |TAMS 0x0000000704600000, 0x0000000704600000| Untracked 
|  41|0x0000000704700000, 0x0000000704700000, 0x0000000704800000|  0%| F|  |TAMS 0x0000000704700000, 0x0000000704700000| Untracked 
|  42|0x0000000704800000, 0x0000000704800000, 0x0000000704900000|  0%| F|  |TAMS 0x0000000704800000, 0x0000000704800000| Untracked 
|  43|0x0000000704900000, 0x0000000704900000, 0x0000000704a00000|  0%| F|  |TAMS 0x0000000704900000, 0x0000000704900000| Untracked 
|  44|0x0000000704a00000, 0x0000000704a00000, 0x0000000704b00000|  0%| F|  |TAMS 0x0000000704a00000, 0x0000000704a00000| Untracked 
|  45|0x0000000704b00000, 0x0000000704b00000, 0x0000000704c00000|  0%| F|  |TAMS 0x0000000704b00000, 0x0000000704b00000| Untracked 
|  46|0x0000000704c00000, 0x0000000704c00000, 0x0000000704d00000|  0%| F|  |TAMS 0x0000000704c00000, 0x0000000704c00000| Untracked 
|  47|0x0000000704d00000, 0x0000000704d00000, 0x0000000704e00000|  0%| F|  |TAMS 0x0000000704d00000, 0x0000000704d00000| Untracked 
|  48|0x0000000704e00000, 0x0000000704e00000, 0x0000000704f00000|  0%| F|  |TAMS 0x0000000704e00000, 0x0000000704e00000| Untracked 
|  49|0x0000000704f00000, 0x0000000704f00000, 0x0000000705000000|  0%| F|  |TAMS 0x0000000704f00000, 0x0000000704f00000| Untracked 
|  50|0x0000000705000000, 0x0000000705000000, 0x0000000705100000|  0%| F|  |TAMS 0x0000000705000000, 0x0000000705000000| Untracked 
|  51|0x0000000705100000, 0x0000000705100000, 0x0000000705200000|  0%| F|  |TAMS 0x0000000705100000, 0x0000000705100000| Untracked 
|  52|0x0000000705200000, 0x0000000705200000, 0x0000000705300000|  0%| F|  |TAMS 0x0000000705200000, 0x0000000705200000| Untracked 
|  53|0x0000000705300000, 0x0000000705300000, 0x0000000705400000|  0%| F|  |TAMS 0x0000000705300000, 0x0000000705300000| Untracked 
|  54|0x0000000705400000, 0x0000000705400000, 0x0000000705500000|  0%| F|  |TAMS 0x0000000705400000, 0x0000000705400000| Untracked 
|  55|0x0000000705500000, 0x0000000705500000, 0x0000000705600000|  0%| F|  |TAMS 0x0000000705500000, 0x0000000705500000| Untracked 
|  56|0x0000000705600000, 0x0000000705600000, 0x0000000705700000|  0%| F|  |TAMS 0x0000000705600000, 0x0000000705600000| Untracked 
|  57|0x0000000705700000, 0x0000000705700000, 0x0000000705800000|  0%| F|  |TAMS 0x0000000705700000, 0x0000000705700000| Untracked 
|  58|0x0000000705800000, 0x0000000705800000, 0x0000000705900000|  0%| F|  |TAMS 0x0000000705800000, 0x0000000705800000| Untracked 
|  59|0x0000000705900000, 0x0000000705900000, 0x0000000705a00000|  0%| F|  |TAMS 0x0000000705900000, 0x0000000705900000| Untracked 
|  60|0x0000000705a00000, 0x0000000705a00000, 0x0000000705b00000|  0%| F|  |TAMS 0x0000000705a00000, 0x0000000705a00000| Untracked 
|  61|0x0000000705b00000, 0x0000000705b00000, 0x0000000705c00000|  0%| F|  |TAMS 0x0000000705b00000, 0x0000000705b00000| Untracked 
|  62|0x0000000705c00000, 0x0000000705c00000, 0x0000000705d00000|  0%| F|  |TAMS 0x0000000705c00000, 0x0000000705c00000| Untracked 
|  63|0x0000000705d00000, 0x0000000705d00000, 0x0000000705e00000|  0%| F|  |TAMS 0x0000000705d00000, 0x0000000705d00000| Untracked 
|  64|0x0000000705e00000, 0x0000000705e00000, 0x0000000705f00000|  0%| F|  |TAMS 0x0000000705e00000, 0x0000000705e00000| Untracked 
|  65|0x0000000705f00000, 0x0000000705f00000, 0x0000000706000000|  0%| F|  |TAMS 0x0000000705f00000, 0x0000000705f00000| Untracked 
|  66|0x0000000706000000, 0x0000000706000000, 0x0000000706100000|  0%| F|  |TAMS 0x0000000706000000, 0x0000000706000000| Untracked 
|  67|0x0000000706100000, 0x0000000706100000, 0x0000000706200000|  0%| F|  |TAMS 0x0000000706100000, 0x0000000706100000| Untracked 
|  68|0x0000000706200000, 0x0000000706200000, 0x0000000706300000|  0%| F|  |TAMS 0x0000000706200000, 0x0000000706200000| Untracked 
|  69|0x0000000706300000, 0x0000000706300000, 0x0000000706400000|  0%| F|  |TAMS 0x0000000706300000, 0x0000000706300000| Untracked 
|  70|0x0000000706400000, 0x0000000706400000, 0x0000000706500000|  0%| F|  |TAMS 0x0000000706400000, 0x0000000706400000| Untracked 
|  71|0x0000000706500000, 0x0000000706500000, 0x0000000706600000|  0%| F|  |TAMS 0x0000000706500000, 0x0000000706500000| Untracked 
|  72|0x0000000706600000, 0x0000000706600000, 0x0000000706700000|  0%| F|  |TAMS 0x0000000706600000, 0x0000000706600000| Untracked 
|  73|0x0000000706700000, 0x0000000706700000, 0x0000000706800000|  0%| F|  |TAMS 0x0000000706700000, 0x0000000706700000| Untracked 
|  74|0x0000000706800000, 0x0000000706800000, 0x0000000706900000|  0%| F|  |TAMS 0x0000000706800000, 0x0000000706800000| Untracked 
|  75|0x0000000706900000, 0x0000000706900000, 0x0000000706a00000|  0%| F|  |TAMS 0x0000000706900000, 0x0000000706900000| Untracked 
|  76|0x0000000706a00000, 0x0000000706a00000, 0x0000000706b00000|  0%| F|  |TAMS 0x0000000706a00000, 0x0000000706a00000| Untracked 
|  77|0x0000000706b00000, 0x0000000706b00000, 0x0000000706c00000|  0%| F|  |TAMS 0x0000000706b00000, 0x0000000706b00000| Untracked 
|  78|0x0000000706c00000, 0x0000000706c00000, 0x0000000706d00000|  0%| F|  |TAMS 0x0000000706c00000, 0x0000000706c00000| Untracked 
|  79|0x0000000706d00000, 0x0000000706d00000, 0x0000000706e00000|  0%| F|  |TAMS 0x0000000706d00000, 0x0000000706d00000| Untracked 
|  80|0x0000000706e00000, 0x0000000706e00000, 0x0000000706f00000|  0%| F|  |TAMS 0x0000000706e00000, 0x0000000706e00000| Untracked 
|  81|0x0000000706f00000, 0x0000000706f00000, 0x0000000707000000|  0%| F|  |TAMS 0x0000000706f00000, 0x0000000706f00000| Untracked 
|  82|0x0000000707000000, 0x0000000707000000, 0x0000000707100000|  0%| F|  |TAMS 0x0000000707000000, 0x0000000707000000| Untracked 
|  83|0x0000000707100000, 0x0000000707100000, 0x0000000707200000|  0%| F|  |TAMS 0x0000000707100000, 0x0000000707100000| Untracked 
|  84|0x0000000707200000, 0x0000000707200000, 0x0000000707300000|  0%| F|  |TAMS 0x0000000707200000, 0x0000000707200000| Untracked 
|  85|0x0000000707300000, 0x0000000707300000, 0x0000000707400000|  0%| F|  |TAMS 0x0000000707300000, 0x0000000707300000| Untracked 
|  86|0x0000000707400000, 0x0000000707400000, 0x0000000707500000|  0%| F|  |TAMS 0x0000000707400000, 0x0000000707400000| Untracked 
|  87|0x0000000707500000, 0x0000000707500000, 0x0000000707600000|  0%| F|  |TAMS 0x0000000707500000, 0x0000000707500000| Untracked 
|  88|0x0000000707600000, 0x0000000707600000, 0x0000000707700000|  0%| F|  |TAMS 0x0000000707600000, 0x0000000707600000| Untracked 
|  89|0x0000000707700000, 0x0000000707700000, 0x0000000707800000|  0%| F|  |TAMS 0x0000000707700000, 0x0000000707700000| Untracked 
|  90|0x0000000707800000, 0x0000000707800000, 0x0000000707900000|  0%| F|  |TAMS 0x0000000707800000, 0x0000000707800000| Untracked 
|  91|0x0000000707900000, 0x0000000707900000, 0x0000000707a00000|  0%| F|  |TAMS 0x0000000707900000, 0x0000000707900000| Untracked 
|  92|0x0000000707a00000, 0x0000000707a00000, 0x0000000707b00000|  0%| F|  |TAMS 0x0000000707a00000, 0x0000000707a00000| Untracked 
|  93|0x0000000707b00000, 0x0000000707b00000, 0x0000000707c00000|  0%| F|  |TAMS 0x0000000707b00000, 0x0000000707b00000| Untracked 
|  94|0x0000000707c00000, 0x0000000707c00000, 0x0000000707d00000|  0%| F|  |TAMS 0x0000000707c00000, 0x0000000707c00000| Untracked 
|  95|0x0000000707d00000, 0x0000000707d00000, 0x0000000707e00000|  0%| F|  |TAMS 0x0000000707d00000, 0x0000000707d00000| Untracked 
|  96|0x0000000707e00000, 0x0000000707e00000, 0x0000000707f00000|  0%| F|  |TAMS 0x0000000707e00000, 0x0000000707e00000| Untracked 
|  97|0x0000000707f00000, 0x0000000707f00000, 0x0000000708000000|  0%| F|  |TAMS 0x0000000707f00000, 0x0000000707f00000| Untracked 
|  98|0x0000000708000000, 0x0000000708000000, 0x0000000708100000|  0%| F|  |TAMS 0x0000000708000000, 0x0000000708000000| Untracked 
|  99|0x0000000708100000, 0x0000000708100000, 0x0000000708200000|  0%| F|  |TAMS 0x0000000708100000, 0x0000000708100000| Untracked 
| 100|0x0000000708200000, 0x0000000708200000, 0x0000000708300000|  0%| F|  |TAMS 0x0000000708200000, 0x0000000708200000| Untracked 
| 101|0x0000000708300000, 0x0000000708300000, 0x0000000708400000|  0%| F|  |TAMS 0x0000000708300000, 0x0000000708300000| Untracked 
| 102|0x0000000708400000, 0x0000000708400000, 0x0000000708500000|  0%| F|  |TAMS 0x0000000708400000, 0x0000000708400000| Untracked 
| 103|0x0000000708500000, 0x0000000708500000, 0x0000000708600000|  0%| F|  |TAMS 0x0000000708500000, 0x0000000708500000| Untracked 
| 104|0x0000000708600000, 0x0000000708600000, 0x0000000708700000|  0%| F|  |TAMS 0x0000000708600000, 0x0000000708600000| Untracked 
| 105|0x0000000708700000, 0x0000000708700000, 0x0000000708800000|  0%| F|  |TAMS 0x0000000708700000, 0x0000000708700000| Untracked 
| 106|0x0000000708800000, 0x0000000708800000, 0x0000000708900000|  0%| F|  |TAMS 0x0000000708800000, 0x0000000708800000| Untracked 
| 107|0x0000000708900000, 0x0000000708900000, 0x0000000708a00000|  0%| F|  |TAMS 0x0000000708900000, 0x0000000708900000| Untracked 
| 108|0x0000000708a00000, 0x0000000708a00000, 0x0000000708b00000|  0%| F|  |TAMS 0x0000000708a00000, 0x0000000708a00000| Untracked 
| 109|0x0000000708b00000, 0x0000000708b00000, 0x0000000708c00000|  0%| F|  |TAMS 0x0000000708b00000, 0x0000000708b00000| Untracked 
| 110|0x0000000708c00000, 0x0000000708c00000, 0x0000000708d00000|  0%| F|  |TAMS 0x0000000708c00000, 0x0000000708c00000| Untracked 
| 111|0x0000000708d00000, 0x0000000708d00000, 0x0000000708e00000|  0%| F|  |TAMS 0x0000000708d00000, 0x0000000708d00000| Untracked 
| 112|0x0000000708e00000, 0x0000000708e00000, 0x0000000708f00000|  0%| F|  |TAMS 0x0000000708e00000, 0x0000000708e00000| Untracked 
| 113|0x0000000708f00000, 0x0000000708f00000, 0x0000000709000000|  0%| F|  |TAMS 0x0000000708f00000, 0x0000000708f00000| Untracked 
| 114|0x0000000709000000, 0x0000000709000000, 0x0000000709100000|  0%| F|  |TAMS 0x0000000709000000, 0x0000000709000000| Untracked 
| 115|0x0000000709100000, 0x0000000709100000, 0x0000000709200000|  0%| F|  |TAMS 0x0000000709100000, 0x0000000709100000| Untracked 
| 116|0x0000000709200000, 0x0000000709200000, 0x0000000709300000|  0%| F|  |TAMS 0x0000000709200000, 0x0000000709200000| Untracked 
| 117|0x0000000709300000, 0x0000000709300000, 0x0000000709400000|  0%| F|  |TAMS 0x0000000709300000, 0x0000000709300000| Untracked 
| 118|0x0000000709400000, 0x0000000709400000, 0x0000000709500000|  0%| F|  |TAMS 0x0000000709400000, 0x0000000709400000| Untracked 
| 119|0x0000000709500000, 0x0000000709500000, 0x0000000709600000|  0%| F|  |TAMS 0x0000000709500000, 0x0000000709500000| Untracked 
| 120|0x0000000709600000, 0x0000000709600000, 0x0000000709700000|  0%| F|  |TAMS 0x0000000709600000, 0x0000000709600000| Untracked 
| 121|0x0000000709700000, 0x0000000709700000, 0x0000000709800000|  0%| F|  |TAMS 0x0000000709700000, 0x0000000709700000| Untracked 
| 122|0x0000000709800000, 0x0000000709800000, 0x0000000709900000|  0%| F|  |TAMS 0x0000000709800000, 0x0000000709800000| Untracked 
| 123|0x0000000709900000, 0x0000000709900000, 0x0000000709a00000|  0%| F|  |TAMS 0x0000000709900000, 0x0000000709900000| Untracked 
| 124|0x0000000709a00000, 0x0000000709a00000, 0x0000000709b00000|  0%| F|  |TAMS 0x0000000709a00000, 0x0000000709a00000| Untracked 
| 125|0x0000000709b00000, 0x0000000709b00000, 0x0000000709c00000|  0%| F|  |TAMS 0x0000000709b00000, 0x0000000709b00000| Untracked 
| 126|0x0000000709c00000, 0x0000000709c00000, 0x0000000709d00000|  0%| F|  |TAMS 0x0000000709c00000, 0x0000000709c00000| Untracked 
| 127|0x0000000709d00000, 0x0000000709d00000, 0x0000000709e00000|  0%| F|  |TAMS 0x0000000709d00000, 0x0000000709d00000| Untracked 
| 128|0x0000000709e00000, 0x0000000709e00000, 0x0000000709f00000|  0%| F|  |TAMS 0x0000000709e00000, 0x0000000709e00000| Untracked 
| 129|0x0000000709f00000, 0x0000000709f00000, 0x000000070a000000|  0%| F|  |TAMS 0x0000000709f00000, 0x0000000709f00000| Untracked 
| 130|0x000000070a000000, 0x000000070a000000, 0x000000070a100000|  0%| F|  |TAMS 0x000000070a000000, 0x000000070a000000| Untracked 
| 131|0x000000070a100000, 0x000000070a100000, 0x000000070a200000|  0%| F|  |TAMS 0x000000070a100000, 0x000000070a100000| Untracked 
| 132|0x000000070a200000, 0x000000070a200000, 0x000000070a300000|  0%| F|  |TAMS 0x000000070a200000, 0x000000070a200000| Untracked 
| 133|0x000000070a300000, 0x000000070a300000, 0x000000070a400000|  0%| F|  |TAMS 0x000000070a300000, 0x000000070a300000| Untracked 
| 134|0x000000070a400000, 0x000000070a400000, 0x000000070a500000|  0%| F|  |TAMS 0x000000070a400000, 0x000000070a400000| Untracked 
| 135|0x000000070a500000, 0x000000070a500000, 0x000000070a600000|  0%| F|  |TAMS 0x000000070a500000, 0x000000070a500000| Untracked 
| 136|0x000000070a600000, 0x000000070a600000, 0x000000070a700000|  0%| F|  |TAMS 0x000000070a600000, 0x000000070a600000| Untracked 
| 137|0x000000070a700000, 0x000000070a700000, 0x000000070a800000|  0%| F|  |TAMS 0x000000070a700000, 0x000000070a700000| Untracked 
| 138|0x000000070a800000, 0x000000070a800000, 0x000000070a900000|  0%| F|  |TAMS 0x000000070a800000, 0x000000070a800000| Untracked 
| 139|0x000000070a900000, 0x000000070a900000, 0x000000070aa00000|  0%| F|  |TAMS 0x000000070a900000, 0x000000070a900000| Untracked 
| 140|0x000000070aa00000, 0x000000070aa00000, 0x000000070ab00000|  0%| F|  |TAMS 0x000000070aa00000, 0x000000070aa00000| Untracked 
| 141|0x000000070ab00000, 0x000000070ab00000, 0x000000070ac00000|  0%| F|  |TAMS 0x000000070ab00000, 0x000000070ab00000| Untracked 
| 142|0x000000070ac00000, 0x000000070ac00000, 0x000000070ad00000|  0%| F|  |TAMS 0x000000070ac00000, 0x000000070ac00000| Untracked 
| 143|0x000000070ad00000, 0x000000070ad00000, 0x000000070ae00000|  0%| F|  |TAMS 0x000000070ad00000, 0x000000070ad00000| Untracked 
| 144|0x000000070ae00000, 0x000000070ae00000, 0x000000070af00000|  0%| F|  |TAMS 0x000000070ae00000, 0x000000070ae00000| Untracked 
| 145|0x000000070af00000, 0x000000070af00000, 0x000000070b000000|  0%| F|  |TAMS 0x000000070af00000, 0x000000070af00000| Untracked 
| 146|0x000000070b000000, 0x000000070b000000, 0x000000070b100000|  0%| F|  |TAMS 0x000000070b000000, 0x000000070b000000| Untracked 
| 147|0x000000070b100000, 0x000000070b100000, 0x000000070b200000|  0%| F|  |TAMS 0x000000070b100000, 0x000000070b100000| Untracked 
| 148|0x000000070b200000, 0x000000070b200000, 0x000000070b300000|  0%| F|  |TAMS 0x000000070b200000, 0x000000070b200000| Untracked 
| 149|0x000000070b300000, 0x000000070b300000, 0x000000070b400000|  0%| F|  |TAMS 0x000000070b300000, 0x000000070b300000| Untracked 
| 150|0x000000070b400000, 0x000000070b400000, 0x000000070b500000|  0%| F|  |TAMS 0x000000070b400000, 0x000000070b400000| Untracked 
| 151|0x000000070b500000, 0x000000070b500000, 0x000000070b600000|  0%| F|  |TAMS 0x000000070b500000, 0x000000070b500000| Untracked 
| 152|0x000000070b600000, 0x000000070b600000, 0x000000070b700000|  0%| F|  |TAMS 0x000000070b600000, 0x000000070b600000| Untracked 
| 153|0x000000070b700000, 0x000000070b700000, 0x000000070b800000|  0%| F|  |TAMS 0x000000070b700000, 0x000000070b700000| Untracked 
| 154|0x000000070b800000, 0x000000070b800000, 0x000000070b900000|  0%| F|  |TAMS 0x000000070b800000, 0x000000070b800000| Untracked 
| 155|0x000000070b900000, 0x000000070b900000, 0x000000070ba00000|  0%| F|  |TAMS 0x000000070b900000, 0x000000070b900000| Untracked 
| 156|0x000000070ba00000, 0x000000070ba00000, 0x000000070bb00000|  0%| F|  |TAMS 0x000000070ba00000, 0x000000070ba00000| Untracked 
| 157|0x000000070bb00000, 0x000000070bb00000, 0x000000070bc00000|  0%| F|  |TAMS 0x000000070bb00000, 0x000000070bb00000| Untracked 
| 158|0x000000070bc00000, 0x000000070bc00000, 0x000000070bd00000|  0%| F|  |TAMS 0x000000070bc00000, 0x000000070bc00000| Untracked 
| 159|0x000000070bd00000, 0x000000070bd00000, 0x000000070be00000|  0%| F|  |TAMS 0x000000070bd00000, 0x000000070bd00000| Untracked 
| 160|0x000000070be00000, 0x000000070be00000, 0x000000070bf00000|  0%| F|  |TAMS 0x000000070be00000, 0x000000070be00000| Untracked 
| 161|0x000000070bf00000, 0x000000070bf00000, 0x000000070c000000|  0%| F|  |TAMS 0x000000070bf00000, 0x000000070bf00000| Untracked 
| 162|0x000000070c000000, 0x000000070c000000, 0x000000070c100000|  0%| F|  |TAMS 0x000000070c000000, 0x000000070c000000| Untracked 
| 163|0x000000070c100000, 0x000000070c100000, 0x000000070c200000|  0%| F|  |TAMS 0x000000070c100000, 0x000000070c100000| Untracked 
| 164|0x000000070c200000, 0x000000070c200000, 0x000000070c300000|  0%| F|  |TAMS 0x000000070c200000, 0x000000070c200000| Untracked 
| 165|0x000000070c300000, 0x000000070c300000, 0x000000070c400000|  0%| F|  |TAMS 0x000000070c300000, 0x000000070c300000| Untracked 
| 166|0x000000070c400000, 0x000000070c400000, 0x000000070c500000|  0%| F|  |TAMS 0x000000070c400000, 0x000000070c400000| Untracked 
| 167|0x000000070c500000, 0x000000070c500000, 0x000000070c600000|  0%| F|  |TAMS 0x000000070c500000, 0x000000070c500000| Untracked 
| 168|0x000000070c600000, 0x000000070c600000, 0x000000070c700000|  0%| F|  |TAMS 0x000000070c600000, 0x000000070c600000| Untracked 
| 169|0x000000070c700000, 0x000000070c700000, 0x000000070c800000|  0%| F|  |TAMS 0x000000070c700000, 0x000000070c700000| Untracked 
| 170|0x000000070c800000, 0x000000070c800000, 0x000000070c900000|  0%| F|  |TAMS 0x000000070c800000, 0x000000070c800000| Untracked 
| 171|0x000000070c900000, 0x000000070c900000, 0x000000070ca00000|  0%| F|  |TAMS 0x000000070c900000, 0x000000070c900000| Untracked 
| 172|0x000000070ca00000, 0x000000070ca00000, 0x000000070cb00000|  0%| F|  |TAMS 0x000000070ca00000, 0x000000070ca00000| Untracked 
| 173|0x000000070cb00000, 0x000000070cb00000, 0x000000070cc00000|  0%| F|  |TAMS 0x000000070cb00000, 0x000000070cb00000| Untracked 
| 174|0x000000070cc00000, 0x000000070cc00000, 0x000000070cd00000|  0%| F|  |TAMS 0x000000070cc00000, 0x000000070cc00000| Untracked 
| 175|0x000000070cd00000, 0x000000070cd00000, 0x000000070ce00000|  0%| F|  |TAMS 0x000000070cd00000, 0x000000070cd00000| Untracked 
| 176|0x000000070ce00000, 0x000000070ce00000, 0x000000070cf00000|  0%| F|  |TAMS 0x000000070ce00000, 0x000000070ce00000| Untracked 
| 177|0x000000070cf00000, 0x000000070cf00000, 0x000000070d000000|  0%| F|  |TAMS 0x000000070cf00000, 0x000000070cf00000| Untracked 
| 178|0x000000070d000000, 0x000000070d000000, 0x000000070d100000|  0%| F|  |TAMS 0x000000070d000000, 0x000000070d000000| Untracked 
| 179|0x000000070d100000, 0x000000070d100000, 0x000000070d200000|  0%| F|  |TAMS 0x000000070d100000, 0x000000070d100000| Untracked 
| 180|0x000000070d200000, 0x000000070d200000, 0x000000070d300000|  0%| F|  |TAMS 0x000000070d200000, 0x000000070d200000| Untracked 
| 181|0x000000070d300000, 0x000000070d300000, 0x000000070d400000|  0%| F|  |TAMS 0x000000070d300000, 0x000000070d300000| Untracked 
| 182|0x000000070d400000, 0x000000070d400000, 0x000000070d500000|  0%| F|  |TAMS 0x000000070d400000, 0x000000070d400000| Untracked 
| 183|0x000000070d500000, 0x000000070d500000, 0x000000070d600000|  0%| F|  |TAMS 0x000000070d500000, 0x000000070d500000| Untracked 
| 184|0x000000070d600000, 0x000000070d600000, 0x000000070d700000|  0%| F|  |TAMS 0x000000070d600000, 0x000000070d600000| Untracked 
| 185|0x000000070d700000, 0x000000070d700000, 0x000000070d800000|  0%| F|  |TAMS 0x000000070d700000, 0x000000070d700000| Untracked 
| 186|0x000000070d800000, 0x000000070d800000, 0x000000070d900000|  0%| F|  |TAMS 0x000000070d800000, 0x000000070d800000| Untracked 
| 187|0x000000070d900000, 0x000000070d900000, 0x000000070da00000|  0%| F|  |TAMS 0x000000070d900000, 0x000000070d900000| Untracked 
| 188|0x000000070da00000, 0x000000070da00000, 0x000000070db00000|  0%| F|  |TAMS 0x000000070da00000, 0x000000070da00000| Untracked 
| 189|0x000000070db00000, 0x000000070db00000, 0x000000070dc00000|  0%| F|  |TAMS 0x000000070db00000, 0x000000070db00000| Untracked 
| 190|0x000000070dc00000, 0x000000070dc00000, 0x000000070dd00000|  0%| F|  |TAMS 0x000000070dc00000, 0x000000070dc00000| Untracked 
| 191|0x000000070dd00000, 0x000000070dd00000, 0x000000070de00000|  0%| F|  |TAMS 0x000000070dd00000, 0x000000070dd00000| Untracked 
| 192|0x000000070de00000, 0x000000070de00000, 0x000000070df00000|  0%| F|  |TAMS 0x000000070de00000, 0x000000070de00000| Untracked 
| 193|0x000000070df00000, 0x000000070df00000, 0x000000070e000000|  0%| F|  |TAMS 0x000000070df00000, 0x000000070df00000| Untracked 
| 194|0x000000070e000000, 0x000000070e000000, 0x000000070e100000|  0%| F|  |TAMS 0x000000070e000000, 0x000000070e000000| Untracked 
| 195|0x000000070e100000, 0x000000070e100000, 0x000000070e200000|  0%| F|  |TAMS 0x000000070e100000, 0x000000070e100000| Untracked 
| 196|0x000000070e200000, 0x000000070e200000, 0x000000070e300000|  0%| F|  |TAMS 0x000000070e200000, 0x000000070e200000| Untracked 
| 197|0x000000070e300000, 0x000000070e300000, 0x000000070e400000|  0%| F|  |TAMS 0x000000070e300000, 0x000000070e300000| Untracked 
| 198|0x000000070e400000, 0x000000070e400000, 0x000000070e500000|  0%| F|  |TAMS 0x000000070e400000, 0x000000070e400000| Untracked 
| 199|0x000000070e500000, 0x000000070e500000, 0x000000070e600000|  0%| F|  |TAMS 0x000000070e500000, 0x000000070e500000| Untracked 
| 200|0x000000070e600000, 0x000000070e600000, 0x000000070e700000|  0%| F|  |TAMS 0x000000070e600000, 0x000000070e600000| Untracked 
| 201|0x000000070e700000, 0x000000070e700000, 0x000000070e800000|  0%| F|  |TAMS 0x000000070e700000, 0x000000070e700000| Untracked 
| 202|0x000000070e800000, 0x000000070e800000, 0x000000070e900000|  0%| F|  |TAMS 0x000000070e800000, 0x000000070e800000| Untracked 
| 203|0x000000070e900000, 0x000000070e900000, 0x000000070ea00000|  0%| F|  |TAMS 0x000000070e900000, 0x000000070e900000| Untracked 
| 204|0x000000070ea00000, 0x000000070ea00000, 0x000000070eb00000|  0%| F|  |TAMS 0x000000070ea00000, 0x000000070ea00000| Untracked 
| 205|0x000000070eb00000, 0x000000070eb00000, 0x000000070ec00000|  0%| F|  |TAMS 0x000000070eb00000, 0x000000070eb00000| Untracked 
| 206|0x000000070ec00000, 0x000000070ec00000, 0x000000070ed00000|  0%| F|  |TAMS 0x000000070ec00000, 0x000000070ec00000| Untracked 
| 207|0x000000070ed00000, 0x000000070ed00000, 0x000000070ee00000|  0%| F|  |TAMS 0x000000070ed00000, 0x000000070ed00000| Untracked 
| 208|0x000000070ee00000, 0x000000070ee00000, 0x000000070ef00000|  0%| F|  |TAMS 0x000000070ee00000, 0x000000070ee00000| Untracked 
| 209|0x000000070ef00000, 0x000000070ef00000, 0x000000070f000000|  0%| F|  |TAMS 0x000000070ef00000, 0x000000070ef00000| Untracked 
| 210|0x000000070f000000, 0x000000070f000000, 0x000000070f100000|  0%| F|  |TAMS 0x000000070f000000, 0x000000070f000000| Untracked 
| 211|0x000000070f100000, 0x000000070f100000, 0x000000070f200000|  0%| F|  |TAMS 0x000000070f100000, 0x000000070f100000| Untracked 
| 212|0x000000070f200000, 0x000000070f200000, 0x000000070f300000|  0%| F|  |TAMS 0x000000070f200000, 0x000000070f200000| Untracked 
| 213|0x000000070f300000, 0x000000070f300000, 0x000000070f400000|  0%| F|  |TAMS 0x000000070f300000, 0x000000070f300000| Untracked 
| 214|0x000000070f400000, 0x000000070f400000, 0x000000070f500000|  0%| F|  |TAMS 0x000000070f400000, 0x000000070f400000| Untracked 
| 215|0x000000070f500000, 0x000000070f500000, 0x000000070f600000|  0%| F|  |TAMS 0x000000070f500000, 0x000000070f500000| Untracked 
| 216|0x000000070f600000, 0x000000070f600000, 0x000000070f700000|  0%| F|  |TAMS 0x000000070f600000, 0x000000070f600000| Untracked 
| 217|0x000000070f700000, 0x000000070f700000, 0x000000070f800000|  0%| F|  |TAMS 0x000000070f700000, 0x000000070f700000| Untracked 
| 218|0x000000070f800000, 0x000000070f800000, 0x000000070f900000|  0%| F|  |TAMS 0x000000070f800000, 0x000000070f800000| Untracked 
| 219|0x000000070f900000, 0x000000070f900000, 0x000000070fa00000|  0%| F|  |TAMS 0x000000070f900000, 0x000000070f900000| Untracked 
| 220|0x000000070fa00000, 0x000000070fa00000, 0x000000070fb00000|  0%| F|  |TAMS 0x000000070fa00000, 0x000000070fa00000| Untracked 
| 221|0x000000070fb00000, 0x000000070fb00000, 0x000000070fc00000|  0%| F|  |TAMS 0x000000070fb00000, 0x000000070fb00000| Untracked 
| 222|0x000000070fc00000, 0x000000070fc00000, 0x000000070fd00000|  0%| F|  |TAMS 0x000000070fc00000, 0x000000070fc00000| Untracked 
| 223|0x000000070fd00000, 0x000000070fd00000, 0x000000070fe00000|  0%| F|  |TAMS 0x000000070fd00000, 0x000000070fd00000| Untracked 
| 224|0x000000070fe00000, 0x000000070fe00000, 0x000000070ff00000|  0%| F|  |TAMS 0x000000070fe00000, 0x000000070fe00000| Untracked 
| 225|0x000000070ff00000, 0x000000070ff00000, 0x0000000710000000|  0%| F|  |TAMS 0x000000070ff00000, 0x000000070ff00000| Untracked 
| 226|0x0000000710000000, 0x0000000710000000, 0x0000000710100000|  0%| F|  |TAMS 0x0000000710000000, 0x0000000710000000| Untracked 
| 227|0x0000000710100000, 0x0000000710100000, 0x0000000710200000|  0%| F|  |TAMS 0x0000000710100000, 0x0000000710100000| Untracked 
| 228|0x0000000710200000, 0x0000000710200000, 0x0000000710300000|  0%| F|  |TAMS 0x0000000710200000, 0x0000000710200000| Untracked 
| 229|0x0000000710300000, 0x0000000710300000, 0x0000000710400000|  0%| F|  |TAMS 0x0000000710300000, 0x0000000710300000| Untracked 
| 230|0x0000000710400000, 0x0000000710400000, 0x0000000710500000|  0%| F|  |TAMS 0x0000000710400000, 0x0000000710400000| Untracked 
| 231|0x0000000710500000, 0x0000000710500000, 0x0000000710600000|  0%| F|  |TAMS 0x0000000710500000, 0x0000000710500000| Untracked 
| 232|0x0000000710600000, 0x0000000710600000, 0x0000000710700000|  0%| F|  |TAMS 0x0000000710600000, 0x0000000710600000| Untracked 
| 233|0x0000000710700000, 0x0000000710700000, 0x0000000710800000|  0%| F|  |TAMS 0x0000000710700000, 0x0000000710700000| Untracked 
| 234|0x0000000710800000, 0x0000000710800000, 0x0000000710900000|  0%| F|  |TAMS 0x0000000710800000, 0x0000000710800000| Untracked 
| 235|0x0000000710900000, 0x0000000710900000, 0x0000000710a00000|  0%| F|  |TAMS 0x0000000710900000, 0x0000000710900000| Untracked 
| 236|0x0000000710a00000, 0x0000000710a00000, 0x0000000710b00000|  0%| F|  |TAMS 0x0000000710a00000, 0x0000000710a00000| Untracked 
| 237|0x0000000710b00000, 0x0000000710b00000, 0x0000000710c00000|  0%| F|  |TAMS 0x0000000710b00000, 0x0000000710b00000| Untracked 
| 238|0x0000000710c00000, 0x0000000710c00000, 0x0000000710d00000|  0%| F|  |TAMS 0x0000000710c00000, 0x0000000710c00000| Untracked 
| 239|0x0000000710d00000, 0x0000000710df6470, 0x0000000710e00000| 96%| E|  |TAMS 0x0000000710d00000, 0x0000000710d00000| Complete 
| 240|0x0000000710e00000, 0x0000000710f00000, 0x0000000710f00000|100%| E|CS|TAMS 0x0000000710e00000, 0x0000000710e00000| Complete 
| 241|0x0000000710f00000, 0x0000000711000000, 0x0000000711000000|100%| E|CS|TAMS 0x0000000710f00000, 0x0000000710f00000| Complete 
| 242|0x0000000711000000, 0x0000000711100000, 0x0000000711100000|100%| E|CS|TAMS 0x0000000711000000, 0x0000000711000000| Complete 
| 243|0x0000000711100000, 0x0000000711200000, 0x0000000711200000|100%| E|CS|TAMS 0x0000000711100000, 0x0000000711100000| Complete 
| 244|0x0000000711200000, 0x0000000711300000, 0x0000000711300000|100%| E|CS|TAMS 0x0000000711200000, 0x0000000711200000| Complete 
| 245|0x0000000711300000, 0x0000000711400000, 0x0000000711400000|100%| E|CS|TAMS 0x0000000711300000, 0x0000000711300000| Complete 
| 246|0x0000000711400000, 0x0000000711500000, 0x0000000711500000|100%| E|CS|TAMS 0x0000000711400000, 0x0000000711400000| Complete 
| 247|0x0000000711500000, 0x0000000711600000, 0x0000000711600000|100%| E|CS|TAMS 0x0000000711500000, 0x0000000711500000| Complete 
| 248|0x0000000711600000, 0x0000000711700000, 0x0000000711700000|100%| E|CS|TAMS 0x0000000711600000, 0x0000000711600000| Complete 
| 249|0x0000000711700000, 0x0000000711800000, 0x0000000711800000|100%| E|CS|TAMS 0x0000000711700000, 0x0000000711700000| Complete 
| 250|0x0000000711800000, 0x0000000711900000, 0x0000000711900000|100%| E|CS|TAMS 0x0000000711800000, 0x0000000711800000| Complete 
| 251|0x0000000711900000, 0x0000000711a00000, 0x0000000711a00000|100%| E|CS|TAMS 0x0000000711900000, 0x0000000711900000| Complete 
| 252|0x0000000711a00000, 0x0000000711b00000, 0x0000000711b00000|100%| E|CS|TAMS 0x0000000711a00000, 0x0000000711a00000| Complete 
| 253|0x0000000711b00000, 0x0000000711c00000, 0x0000000711c00000|100%| E|CS|TAMS 0x0000000711b00000, 0x0000000711b00000| Complete 
| 254|0x0000000711c00000, 0x0000000711d00000, 0x0000000711d00000|100%| E|CS|TAMS 0x0000000711c00000, 0x0000000711c00000| Complete 
| 255|0x0000000711d00000, 0x0000000711e00000, 0x0000000711e00000|100%| E|CS|TAMS 0x0000000711d00000, 0x0000000711d00000| Complete 

Card table byte_map: [0x0000027ae1190000,0x0000027ae1990000] _byte_map_base: 0x0000027add981000

Marking Bits (Prev, Next): (CMBitMap*) 0x0000027ac8fe7f38, (CMBitMap*) 0x0000027ac8fe7f70
 Prev Bits: [0x0000027ae2190000, 0x0000027ae6118000)
 Next Bits: [0x0000027ae6120000, 0x0000027aea0a8000)

Polling page: 0x0000027ac6f70000

Metaspace:

Usage:
  Non-class:     10.40 MB capacity,    10.13 MB ( 97%) used,   231.20 KB (  2%) free+waste,    44.94 KB ( <1%) overhead. 
      Class:      1.40 MB capacity,     1.19 MB ( 85%) used,   197.97 KB ( 14%) free+waste,    22.38 KB (  2%) overhead. 
       Both:     11.80 MB capacity,    11.32 MB ( 96%) used,   429.16 KB (  4%) free+waste,    67.31 KB ( <1%) overhead. 

Virtual space:
  Non-class space:       12.00 MB reserved,      10.50 MB ( 88%) committed 
      Class space:        1.00 GB reserved,       1.50 MB ( <1%) committed 
             Both:        1.01 GB reserved,      12.00 MB (  1%) committed 

Chunk freelists:
   Non-Class:  36.00 KB
       Class:  0 bytes
        Both:  36.00 KB

MaxMetaspaceSize: 17179869184.00 GB
CompressedClassSpaceSize: 1.00 GB

CodeHeap 'non-profiled nmethods': size=120000Kb used=331Kb max_used=331Kb free=119668Kb
 bounds [0x0000027ad9130000, 0x0000027ad93a0000, 0x0000027ae0660000]
CodeHeap 'profiled nmethods': size=120000Kb used=2004Kb max_used=2004Kb free=117995Kb
 bounds [0x0000027ad1c00000, 0x0000027ad1e70000, 0x0000027ad9130000]
CodeHeap 'non-nmethods': size=5760Kb used=1165Kb max_used=1180Kb free=4594Kb
 bounds [0x0000027ad1660000, 0x0000027ad18d0000, 0x0000027ad1c00000]
 total_blobs=1420 nmethods=1040 adapters=300
 compilation: enabled
              stopped_count=0, restarted_count=0
 full_count=0

Compilation events (20 events):
Event: 0.662 Thread 0x0000027aed548000 1026       3       java.lang.invoke.LambdaForm$Name::isParam (13 bytes)
Event: 0.662 Thread 0x0000027aed548000 nmethod 1026 0x0000027ad1deed10 code [0x0000027ad1deeec0, 0x0000027ad1def018]
Event: 0.662 Thread 0x0000027aed720000 nmethod 1007 0x0000027ad9180e10 code [0x0000027ad9180fc0, 0x0000027ad9181618]
Event: 0.663 Thread 0x0000027aed548000 1028       3       java.lang.invoke.LambdaForm$Name::replaceNames (174 bytes)
Event: 0.663 Thread 0x0000027aed53e800 nmethod 1023 0x0000027ad9181a10 code [0x0000027ad9181ba0, 0x0000027ad9181db8]
Event: 0.663 Thread 0x0000027aed548000 nmethod 1028 0x0000027ad1def090 code [0x0000027ad1def2e0, 0x0000027ad1deff38]
Event: 0.663 Thread 0x0000027aed548000 1030       3       java.lang.invoke.InvokerBytecodeGenerator::loadInsnOpcode (86 bytes)
Event: 0.664 Thread 0x0000027aed548000 nmethod 1030 0x0000027ad1df0390 code [0x0000027ad1df0620, 0x0000027ad1df11d8]
Event: 0.664 Thread 0x0000027aed548000 1031       3       jdk.internal.org.objectweb.asm.ByteVector::put11 (52 bytes)
Event: 0.664 Thread 0x0000027aed548000 nmethod 1031 0x0000027ad1df1610 code [0x0000027ad1df17e0, 0x0000027ad1df19e8]
Event: 0.664 Thread 0x0000027aed548000 1034   !   3       java.lang.invoke.MemberName::getFieldType (177 bytes)
Event: 0.665 Thread 0x0000027aed548000 nmethod 1034 0x0000027ad1df1b90 code [0x0000027ad1df1f00, 0x0000027ad1df3738]
Event: 0.665 Thread 0x0000027aed548000 1035       3       java.lang.invoke.LambdaForm::useCount (90 bytes)
Event: 0.665 Thread 0x0000027aed720000 1039       4       java.lang.String::indexOf (7 bytes)
Event: 0.665 Thread 0x0000027aed548000 nmethod 1035 0x0000027ad1df3f10 code [0x0000027ad1df4100, 0x0000027ad1df44b8]
Event: 0.665 Thread 0x0000027aed548000 1036       3       java.lang.invoke.InvokerBytecodeGenerator::getInternalName (98 bytes)
Event: 0.665 Thread 0x0000027aed548000 nmethod 1036 0x0000027ad1df4690 code [0x0000027ad1df48a0, 0x0000027ad1df4d98]
Event: 0.665 Thread 0x0000027aed548000 1040       3       java.lang.reflect.Modifier::isPrivate (12 bytes)
Event: 0.665 Thread 0x0000027aed548000 nmethod 1040 0x0000027ad1df4f10 code [0x0000027ad1df50c0, 0x0000027ad1df51f8]
Event: 0.667 Thread 0x0000027aed720000 nmethod 1039 0x0000027ad9182810 code [0x0000027ad91829a0, 0x0000027ad9182bd8]

GC Heap History (0 events):
No events

Deoptimization events (20 events):
Event: 0.252 Thread 0x0000027ac8f81800 DEOPT PACKING pc=0x0000027ad9139294 sp=0x000000d8ea0fb310
Event: 0.252 Thread 0x0000027ac8f81800 DEOPT UNPACKING pc=0x0000027ad169c62f sp=0x000000d8ea0fb2b0 mode 2
Event: 0.253 Thread 0x0000027ac8f81800 Uncommon trap: trap_request=0xffffffc6 fr.pc=0x0000027ad9139294 relative=0x0000000000000074
Event: 0.253 Thread 0x0000027ac8f81800 Uncommon trap: reason=bimorphic_or_optimized_type_check action=maybe_recompile pc=0x0000027ad9139294 method=java.util.AbstractCollection.isEmpty()Z @ 1 c2
Event: 0.253 Thread 0x0000027ac8f81800 DEOPT PACKING pc=0x0000027ad9139294 sp=0x000000d8ea0fb320
Event: 0.253 Thread 0x0000027ac8f81800 DEOPT UNPACKING pc=0x0000027ad169c62f sp=0x000000d8ea0fb2c0 mode 2
Event: 0.254 Thread 0x0000027ac8f81800 Uncommon trap: trap_request=0xffffffc6 fr.pc=0x0000027ad9139294 relative=0x0000000000000074
Event: 0.254 Thread 0x0000027ac8f81800 Uncommon trap: reason=bimorphic_or_optimized_type_check action=maybe_recompile pc=0x0000027ad9139294 method=java.util.AbstractCollection.isEmpty()Z @ 1 c2
Event: 0.254 Thread 0x0000027ac8f81800 DEOPT PACKING pc=0x0000027ad9139294 sp=0x000000d8ea0fb140
Event: 0.254 Thread 0x0000027ac8f81800 DEOPT UNPACKING pc=0x0000027ad169c62f sp=0x000000d8ea0fb0e0 mode 2
Event: 0.384 Thread 0x0000027ac8f81800 Uncommon trap: trap_request=0xffffffde fr.pc=0x0000027ad913cc94 relative=0x0000000000001094
Event: 0.384 Thread 0x0000027ac8f81800 Uncommon trap: reason=class_check action=maybe_recompile pc=0x0000027ad913cc94 method=java.util.HashMap.putVal(ILjava/lang/Object;Ljava/lang/Object;ZZ)Ljava/lang/Object; @ 253 c2
Event: 0.384 Thread 0x0000027ac8f81800 DEOPT PACKING pc=0x0000027ad913cc94 sp=0x000000d8ea0fe640
Event: 0.384 Thread 0x0000027ac8f81800 DEOPT UNPACKING pc=0x0000027ad169c62f sp=0x000000d8ea0fe5f0 mode 2
Event: 0.384 Thread 0x0000027ac8f81800 Uncommon trap: trap_request=0xffffff4d fr.pc=0x0000027ad913cc48 relative=0x0000000000001048
Event: 0.384 Thread 0x0000027ac8f81800 Uncommon trap: reason=unstable_if action=reinterpret pc=0x0000027ad913cc48 method=java.util.HashMap.putVal(ILjava/lang/Object;Ljava/lang/Object;ZZ)Ljava/lang/Object; @ 181 c2
Event: 0.384 Thread 0x0000027ac8f81800 DEOPT PACKING pc=0x0000027ad913cc48 sp=0x000000d8ea0fc3b0
Event: 0.384 Thread 0x0000027ac8f81800 DEOPT UNPACKING pc=0x0000027ad169c62f sp=0x000000d8ea0fc360 mode 2
Event: 0.391 Thread 0x0000027ac8f81800 DEOPT PACKING pc=0x0000027ad1c53602 sp=0x000000d8ea0fd070
Event: 0.391 Thread 0x0000027ac8f81800 DEOPT UNPACKING pc=0x0000027ad169c44e sp=0x000000d8ea0fc4f8 mode 0

Classes redefined (2 events):
Event: 113.113 Thread 0x0000027aecc26800 redefined class name=TESTCLASS, count=1
Event: 167.890 Thread 0x0000027aecc26800 redefined class name=TESTCLASS, count=2

Internal exceptions (19 events):
Event: 0.224 Thread 0x0000027ac8f81800 Exception <a 'java/lang/NoSuchMethodError'{0x0000000711ae7670}: 'java.lang.Object java.lang.invoke.DirectMethodHandle$Holder.invokeStaticInit(java.lang.Object, int)'> (0x0000000711ae7670) thrown at [./src/hotspot/share/interpreter/linkResolver.cpp, line 773]
Event: 0.417 Thread 0x0000027ac8f81800 Exception <a 'java/lang/NoSuchMethodError'{0x000000071169b290}: 'int java.lang.invoke.DirectMethodHandle$Holder.invokeSpecialIFC(java.lang.Object, java.lang.Object, int)'> (0x000000071169b290) thrown at [./src/hotspot/share/interpreter/linkResolver.cpp, line 773]
Event: 0.421 Thread 0x0000027ac8f81800 Exception <a 'java/lang/NoSuchMethodError'{0x00000007116bf6a8}: 'java.lang.Object java.lang.invoke.DirectMethodHandle$Holder.invokeStaticInit(java.lang.Object, java.lang.Object, java.lang.Object)'> (0x00000007116bf6a8) thrown at [./src/hotspot/share/interpreter/linkResolver.cpp, line 773]
Event: 0.421 Thread 0x0000027ac8f81800 Exception <a 'java/lang/NoSuchMethodError'{0x00000007116c6578}: 'void java.lang.invoke.DirectMethodHandle$Holder.invokeStaticInit(java.lang.Object, java.lang.Object, java.lang.Object)'> (0x00000007116c6578) thrown at [./src/hotspot/share/interpreter/linkResolver.cpp, line 773]
Event: 0.429 Thread 0x0000027ac8f81800 Exception <a 'java/lang/NoSuchMethodError'{0x0000000711513900}: 'int java.lang.invoke.DirectMethodHandle$Holder.invokeVirtual(java.lang.Object, java.lang.Object)'> (0x0000000711513900) thrown at [./src/hotspot/share/interpreter/linkResolver.cpp, line 773]
Event: 0.474 Thread 0x0000027ac8f81800 Exception <a 'java/lang/IncompatibleClassChangeError'{0x0000000711458e30}: Found class java.lang.Object, but interface was expected> (0x0000000711458e30) thrown at [./src/hotspot/share/interpreter/linkResolver.cpp, line 839]
Event: 0.521 Thread 0x0000027ac8f81800 Exception <a 'java/lang/NoSuchMethodError'{0x00000007113bae50}: 'int java.lang.invoke.DirectMethodHandle$Holder.invokeSpecialIFC(java.lang.Object, java.lang.Object, java.lang.Object, java.lang.Object)'> (0x00000007113bae50) thrown at [./src/hotspot/share/interpreter/linkResolver.cpp, line 773]
Event: 0.555 Thread 0x0000027ac8f81800 Exception <a 'java/lang/NoSuchMethodError'{0x00000007112faa08}: 'java.lang.Object java.lang.invoke.DirectMethodHandle$Holder.invokeSpecialIFC(java.lang.Object, java.lang.Object, java.lang.Object, java.lang.Object)'> (0x00000007112faa08) thrown at [./src/hotspot/share/interpreter/linkResolver.cpp, line 773]
Event: 0.569 Thread 0x0000027ac8f81800 Exception <a 'java/lang/NoSuchMethodError'{0x00000007111778b8}: 'int java.lang.invoke.DirectMethodHandle$Holder.invokeVirtual(java.lang.Object, java.lang.Object, java.lang.Object)'> (0x00000007111778b8) thrown at [./src/hotspot/share/interpreter/linkResolver.cpp, line 773]
Event: 0.570 Thread 0x0000027ac8f81800 Exception <a 'java/lang/NoSuchMethodError'{0x000000071117df10}: 'void java.lang.invoke.DirectMethodHandle$Holder.invokeSpecial(java.lang.Object, java.lang.Object, java.lang.Object, java.lang.Object)'> (0x000000071117df10) thrown at [./src/hotspot/share/interpreter/linkResolver.cpp, line 773]
Event: 0.573 Thread 0x0000027ac8f81800 Exception <a 'java/lang/NoSuchMethodError'{0x0000000711191990}: 'void java.lang.invoke.DirectMethodHandle$Holder.invokeInterface(java.lang.Object, java.lang.Object)'> (0x0000000711191990) thrown at [./src/hotspot/share/interpreter/linkResolver.cpp, line 773]
Event: 0.573 Thread 0x0000027ac8f81800 Exception <a 'java/lang/IncompatibleClassChangeError'{0x00000007111945f0}: Found class java.lang.Object, but interface was expected> (0x00000007111945f0) thrown at [./src/hotspot/share/interpreter/linkResolver.cpp, line 839]
Event: 0.580 Thread 0x0000027ac8f81800 Exception <a 'java/lang/NoSuchMethodError'{0x00000007111d6858}: 'void java.lang.invoke.DirectMethodHandle$Holder.invokeInterface(java.lang.Object, java.lang.Object, java.lang.Object, java.lang.Object)'> (0x00000007111d6858) thrown at [./src/hotspot/share/interpreter/linkResolver.cpp, line 773]
Event: 0.580 Thread 0x0000027ac8f81800 Exception <a 'java/lang/IncompatibleClassChangeError'{0x00000007111d9618}: Found class java.lang.Object, but interface was expected> (0x00000007111d9618) thrown at [./src/hotspot/share/interpreter/linkResolver.cpp, line 839]
Event: 0.582 Thread 0x0000027ac8f81800 Exception <a 'java/lang/NoSuchMethodError'{0x00000007111f7088}: 'java.lang.Object java.lang.invoke.DirectMethodHandle$Holder.invokeVirtual(java.lang.Object, java.lang.Object, java.lang.Object)'> (0x00000007111f7088) thrown at [./src/hotspot/share/interpreter/linkResolver.cpp, line 773]
Event: 0.610 Thread 0x0000027ac8f81800 Exception <a 'java/lang/NoSuchMethodError'{0x0000000710f18e70}: 'void java.lang.invoke.DirectMethodHandle$Holder.invokeSpecial(java.lang.Object, java.lang.Object)'> (0x0000000710f18e70) thrown at [./src/hotspot/share/interpreter/linkResolver.cpp, line 773]
Event: 0.616 Thread 0x0000027ac8f81800 Exception <a 'java/lang/NoSuchMethodError'{0x0000000710f66228}: 'int java.lang.invoke.DirectMethodHandle$Holder.invokeStatic(java.lang.Object, java.lang.Object, java.lang.Object, java.lang.Object, java.lang.Object)'> (0x0000000710f66228) thrown at [./src/hotspot/share/interpreter/linkResolver.cpp, line 773]
Event: 0.628 Thread 0x0000027ac8f81800 Exception <a 'java/lang/NoSuchMethodError'{0x0000000710e1ae68}: 'int java.lang.invoke.DirectMethodHandle$Holder.invokeStaticInit(java.lang.Object, java.lang.Object, java.lang.Object)'> (0x0000000710e1ae68) thrown at [./src/hotspot/share/interpreter/linkResolver.cpp, line 773]
Event: 0.643 Thread 0x0000027ac8f81800 Exception <a 'java/lang/NoSuchMethodError'{0x0000000710ecbce0}: 'int java.lang.invoke.DirectMethodHandle$Holder.invokeStaticInit(java.lang.Object, java.lang.Object)'> (0x0000000710ecbce0) thrown at [./src/hotspot/share/interpreter/linkResolver.cpp, line 773]

Events (20 events):
Event: 113.292 Executing VM operation: GetStackTrace done
Event: 167.883 Executing VM operation: ChangeBreakpoints
Event: 167.883 Executing VM operation: ChangeBreakpoints done
Event: 167.885 Executing VM operation: RedefineClasses
Event: 167.891 Executing VM operation: RedefineClasses done
Event: 167.891 Executing VM operation: GetFrameCount
Event: 167.891 Executing VM operation: GetFrameCount done
Event: 167.891 Executing VM operation: GetFrameCount
Event: 167.892 Executing VM operation: GetFrameCount done
Event: 167.892 Executing VM operation: GetStackTrace
Event: 167.892 Executing VM operation: GetStackTrace done
Event: 167.912 Executing VM operation: ChangeBreakpoints
Event: 167.912 Executing VM operation: ChangeBreakpoints done
Event: 167.915 Executing VM operation: GetFrameCount
Event: 167.915 Executing VM operation: GetFrameCount done
Event: 167.915 Executing VM operation: GetStackTrace
Event: 167.915 Executing VM operation: GetStackTrace done
Event: 167.922 Executing VM operation: GetFrameLocation
Event: 167.922 Executing VM operation: GetFrameLocation done
Event: 167.922 Executing VM operation: GetOrSetLocal


Dynamic libraries:
0x00007ff6dcfa0000 - 0x00007ff6dcfad000 	C:\Program Files\AdoptOpenJDK\jdk-11.0.10.9-hotspot\bin\java.exe
0x00007ffbc6500000 - 0x00007ffbc66f0000 	C:\WINDOWS\SYSTEM32\ntdll.dll
0x00007ffbc5240000 - 0x00007ffbc52f2000 	C:\WINDOWS\System32\KERNEL32.DLL
0x00007ffbc41a0000 - 0x00007ffbc4445000 	C:\WINDOWS\System32\KERNELBASE.dll
0x00007ffbc36c0000 - 0x00007ffbc37ba000 	C:\WINDOWS\System32\ucrtbase.dll
0x00007ffbb3a60000 - 0x00007ffbb3a77000 	C:\Program Files\AdoptOpenJDK\jdk-11.0.10.9-hotspot\bin\jli.dll
0x00007ffbb3e00000 - 0x00007ffbb3e15000 	C:\Program Files\AdoptOpenJDK\jdk-11.0.10.9-hotspot\bin\VCRUNTIME140.dll
0x00007ffbc6320000 - 0x00007ffbc64b4000 	C:\WINDOWS\System32\USER32.dll
0x00007ffbba230000 - 0x00007ffbba4b4000 	C:\WINDOWS\WinSxS\amd64_microsoft.windows.common-controls_6595b64144ccf1df_6.0.18362.1440_none_9e7dbfb9e45e8e67\COMCTL32.dll
0x00007ffbc37c0000 - 0x00007ffbc37e1000 	C:\WINDOWS\System32\win32u.dll
0x00007ffbc51b0000 - 0x00007ffbc51d6000 	C:\WINDOWS\System32\GDI32.dll
0x00007ffbc6160000 - 0x00007ffbc61fe000 	C:\WINDOWS\System32\msvcrt.dll
0x00007ffbc3520000 - 0x00007ffbc36b8000 	C:\WINDOWS\System32\gdi32full.dll
0x00007ffbc54d0000 - 0x00007ffbc5806000 	C:\WINDOWS\System32\combase.dll
0x00007ffbc37f0000 - 0x00007ffbc388e000 	C:\WINDOWS\System32\msvcp_win.dll
0x00007ffbc5980000 - 0x00007ffbc5a9f000 	C:\WINDOWS\System32\RPCRT4.dll
0x00007ffbc3890000 - 0x00007ffbc3911000 	C:\WINDOWS\System32\bcryptPrimitives.dll
0x00007ffbc5020000 - 0x00007ffbc504e000 	C:\WINDOWS\System32\IMM32.DLL
0x00007ffba2360000 - 0x00007ffba23fb000 	C:\Program Files\AdoptOpenJDK\jdk-11.0.10.9-hotspot\bin\msvcp140.dll
0x00007ffb6fdc0000 - 0x00007ffb70903000 	C:\Program Files\AdoptOpenJDK\jdk-11.0.10.9-hotspot\bin\server\jvm.dll
0x00007ffbc4f70000 - 0x00007ffbc5013000 	C:\WINDOWS\System32\ADVAPI32.dll
0x00007ffbc6200000 - 0x00007ffbc6297000 	C:\WINDOWS\System32\sechost.dll
0x00007ffbc4ca0000 - 0x00007ffbc4ca8000 	C:\WINDOWS\System32\PSAPI.DLL
0x00007ffb94660000 - 0x00007ffb94669000 	C:\WINDOWS\SYSTEM32\WSOCK32.dll
0x00007ffbc1120000 - 0x00007ffbc1144000 	C:\WINDOWS\SYSTEM32\WINMM.dll
0x00007ffbc5440000 - 0x00007ffbc54af000 	C:\WINDOWS\System32\WS2_32.dll
0x00007ffbbe710000 - 0x00007ffbbe71a000 	C:\WINDOWS\SYSTEM32\VERSION.dll
0x00007ffbc10f0000 - 0x00007ffbc111d000 	C:\WINDOWS\SYSTEM32\winmmbase.dll
0x00007ffbc3470000 - 0x00007ffbc34ba000 	C:\WINDOWS\System32\cfgmgr32.dll
0x00007ffbc33c0000 - 0x00007ffbc33d1000 	C:\WINDOWS\System32\kernel.appcore.dll
0x00007ffbbe8e0000 - 0x00007ffbbe8f0000 	C:\Program Files\AdoptOpenJDK\jdk-11.0.10.9-hotspot\bin\verify.dll
0x00007ffbc1ca0000 - 0x00007ffbc1e94000 	C:\WINDOWS\SYSTEM32\DBGHELP.DLL
0x00007ffbaec10000 - 0x00007ffbaec3a000 	C:\WINDOWS\SYSTEM32\dbgcore.DLL
0x00007ffbb1680000 - 0x00007ffbb16a8000 	C:\Program Files\AdoptOpenJDK\jdk-11.0.10.9-hotspot\bin\java.dll
0x00007ffbbe760000 - 0x00007ffbbe76a000 	C:\Program Files\AdoptOpenJDK\jdk-11.0.10.9-hotspot\bin\jimage.dll
0x00007ffba2240000 - 0x00007ffba2278000 	C:\Program Files\AdoptOpenJDK\jdk-11.0.10.9-hotspot\bin\jdwp.dll
0x00007ffbb3a50000 - 0x00007ffbb3a5e000 	C:\Program Files\AdoptOpenJDK\jdk-11.0.10.9-hotspot\bin\instrument.dll
0x00007ffbb3780000 - 0x00007ffbb3797000 	C:\Program Files\AdoptOpenJDK\jdk-11.0.10.9-hotspot\bin\zip.dll
0x00007ffbc45b0000 - 0x00007ffbc4c98000 	C:\WINDOWS\System32\SHELL32.dll
0x00007ffbc58d0000 - 0x00007ffbc5977000 	C:\WINDOWS\System32\shcore.dll
0x00007ffbc39f0000 - 0x00007ffbc416b000 	C:\WINDOWS\System32\windows.storage.dll
0x00007ffbc3430000 - 0x00007ffbc344e000 	C:\WINDOWS\System32\profapi.dll
0x00007ffbc33e0000 - 0x00007ffbc342a000 	C:\WINDOWS\System32\powrprof.dll
0x00007ffbc33b0000 - 0x00007ffbc33c0000 	C:\WINDOWS\System32\UMPDC.dll
0x00007ffbc51e0000 - 0x00007ffbc5232000 	C:\WINDOWS\System32\shlwapi.dll
0x00007ffbc3920000 - 0x00007ffbc3937000 	C:\WINDOWS\System32\cryptsp.dll
0x00007ffbb3730000 - 0x00007ffbb373a000 	C:\Program Files\AdoptOpenJDK\jdk-11.0.10.9-hotspot\bin\dt_socket.dll
0x00007ffbc2b90000 - 0x00007ffbc2bf7000 	C:\WINDOWS\system32\mswsock.dll
0x00007ffbb1590000 - 0x00007ffbb15a9000 	C:\Program Files\AdoptOpenJDK\jdk-11.0.10.9-hotspot\bin\net.dll
0x00007ffbbac80000 - 0x00007ffbbad7a000 	C:\WINDOWS\SYSTEM32\WINHTTP.dll
0x00007ffbaea30000 - 0x00007ffbaea42000 	C:\Program Files\AdoptOpenJDK\jdk-11.0.10.9-hotspot\bin\nio.dll

dbghelp: loaded successfully - version: 4.0.5 - missing functions: none
symbol engine: initialized successfully - sym options: 0x614 - pdb path: .;C:\Program Files\AdoptOpenJDK\jdk-11.0.10.9-hotspot\bin;C:\WINDOWS\SYSTEM32;C:\WINDOWS\WinSxS\amd64_microsoft.windows.common-controls_6595b64144ccf1df_6.0.18362.1440_none_9e7dbfb9e45e8e67;C:\Program Files\AdoptOpenJDK\jdk-11.0.10.9-hotspot\bin\server

VM Arguments:
jvm_args: -agentlib:jdwp=transport=dt_socket,address=127.0.0.1:54331,suspend=y,server=n -ea -Didea.test.cyclic.buffer.size=1048576 -javaagent:C:\Users\mrmal\AppData\Local\JetBrains\IntelliJIdea2020.3\captureAgent\debugger-agent.jar -Dfile.encoding=UTF-8 
java_command: com.intellij.rt.junit.JUnitStarter -ideVersion5 -junit5 TESTCLASS,test6
java_class_path (initial): C:\Program Files\JetBrains\IntelliJ IDEA 2020.3.2\lib\idea_rt.jar;C:\Users\mrmal\.m2\repository\org\junit\platform\junit-platform-launcher\1.4.2\junit-platform-launcher-1.4.2.jar;C:\Users\mrmal\.m2\repository\org\junit\vintage\junit-vintage-engine\5.4.2\junit-vintage-engine-5.4.2.jar;C:\Program Files\JetBrains\IntelliJ IDEA 2020.3.2\plugins\junit\lib\junit5-rt.jar;C:\Program Files\JetBrains\IntelliJ IDEA 2020.3.2\plugins\junit\lib\junit-rt.jar;C:\Users\mrmal\IdeaProjects\2150\A3\out\production\A3;C:\Users\mrmal\.m2\repository\junit\junit\4.12\junit-4.12.jar;C:\Users\mrmal\.m2\repository\org\hamcrest\hamcrest-core\1.3\hamcrest-core-1.3.jar;C:\Users\mrmal\.m2\repository\org\junit\jupiter\junit-jupiter\5.4.2\junit-jupiter-5.4.2.jar;C:\Users\mrmal\.m2\repository\org\junit\jupiter\junit-jupiter-api\5.4.2\junit-jupiter-api-5.4.2.jar;C:\Users\mrmal\.m2\repository\org\apiguardian\apiguardian-api\1.0.0\apiguardian-api-1.0.0.jar;C:\Users\mrmal\.m2\repository\org\opentest4j\opentest4j\1.1.1\opentest4j-1.1.1.jar;C:\Users\mrmal\.m2\repository\org\junit\platform\junit-platform-commons\1.4.2\junit-platform-commons-1.4.2.jar;C:\Users\mrmal\.m2\repository\org\junit\jupiter\junit-jupiter-params\5.4.2\junit-jupiter-params-5.4.2.jar;C:\Users\mrmal\.m2\repository\org\junit\jupiter\junit-jupiter-engine\5.4.2\junit-jupiter-engine-5.4.2.jar;C:\Users\mrmal\.m2\repository\org\junit\platform\junit-platform-engine\1.4.2\junit-platform-engine-1.4.2.jar
Launcher Type: SUN_STANDARD

[Global flags]
     intx CICompilerCount                          = 4                                         {product} {ergonomic}
     uint ConcGCThreads                            = 2                                         {product} {ergonomic}
     uint G1ConcRefinementThreads                  = 8                                         {product} {ergonomic}
   size_t G1HeapRegionSize                         = 1048576                                   {product} {ergonomic}
    uintx GCDrainStackTargetSize                   = 64                                        {product} {ergonomic}
   size_t InitialHeapSize                          = 268435456                                 {product} {ergonomic}
   size_t MarkStackSize                            = 4194304                                   {product} {ergonomic}
   size_t MaxHeapSize                              = 4263510016                                {product} {ergonomic}
   size_t MaxNewSize                               = 2557476864                                {product} {ergonomic}
   size_t MinHeapDeltaBytes                        = 1048576                                   {product} {ergonomic}
    uintx NonNMethodCodeHeapSize                   = 5836300                                {pd product} {ergonomic}
    uintx NonProfiledCodeHeapSize                  = 122910970                              {pd product} {ergonomic}
    uintx ProfiledCodeHeapSize                     = 122910970                              {pd product} {ergonomic}
    uintx ReservedCodeCacheSize                    = 251658240                              {pd product} {ergonomic}
     bool SegmentedCodeCache                       = true                                      {product} {ergonomic}
     bool UseCompressedClassPointers               = true                                 {lp64_product} {ergonomic}
     bool UseCompressedOops                        = true                                 {lp64_product} {ergonomic}
     bool UseG1GC                                  = true                                      {product} {ergonomic}
     bool UseLargePagesIndividualAllocation        = false                                  {pd product} {ergonomic}

Logging:
Log output configuration:
 #0: stdout all=warning uptime,level,tags
 #1: stderr all=off uptime,level,tags

Environment Variables:
JAVA_HOME=C:\Program Files\AdoptOpenJDK\jdk-11.0.10.9-hotspot
PATH=C:\Program Files\AdoptOpenJDK\jdk-11.0.10.9-hotspot\bin;C:\Program Files\AdoptOpenJDK\jdk-15.0.2.7-hotspot\bin;C:\Python38\Scripts\;C:\Python38\;C:\WINDOWS\system32;C:\WINDOWS;C:\WINDOWS\System32\Wbem;C:\WINDOWS\System32\WindowsPowerShell\v1.0\;C:\WINDOWS\System32\OpenSSH\;C:\ProgramData\chocolatey\bin;C:\Program Files\nodejs\;C:\Program Files\Git\cmd;C:\Program Files\dotnet\;C:\Program Files\Microsoft SQL Server\130\Tools\Binn\;C:\Program Files\Microsoft SQL Server\Client SDK\ODBC\170\Tools\Binn\;C:\Users\mrmal\AppData\Local\Microsoft\WindowsApps;;C:\Users\mrmal\AppData\Local\Programs\Microsoft VS Code\bin;C:\Users\mrmal\AppData\Roaming\npm;C:\Program Files\heroku\bin;C:\Users\mrmal\.dotnet\tools
USERNAME=mrmal
OS=Windows_NT
PROCESSOR_IDENTIFIER=Intel64 Family 6 Model 142 Stepping 12, GenuineIntel



---------------  S Y S T E M  ---------------

OS: Windows 10 , 64 bit Build 18362 (10.0.18362.1350)
OS uptime: 6 days 6:35 hours

CPU:total 8 (initial active 8) (4 cores per cpu, 2 threads per core) family 6 model 142 stepping 12 microcode 0xde, cmov, cx8, fxsr, mmx, sse, sse2, sse3, ssse3, sse4.1, sse4.2, popcnt, avx, avx2, aes, clmul, erms, 3dnowpref, lzcnt, ht, tsc, tscinvbit, bmi1, bmi2, adx, fma

Memory: 4k page, system-wide physical 16263M (5539M free)
TotalPageFile size 25788M (AvailPageFile size 8965M)
current process WorkingSet (physical memory assigned to process): 66M, peak: 75M
current process commit charge ("private bytes"): 351M, peak: 358M

vm_info: OpenJDK 64-Bit Server VM (11.0.10+9) for windows-amd64 JRE (11.0.10+9), built on Jan 20 2021 06:07:07 by "" with MS VC++ 15.9 (VS2017)

END.
